<?xml version="1.0" encoding="UTF-8"?>
<testsuite name="org.example.mocking.UserServiceTest" tests="2" skipped="0" failures="0" errors="0" timestamp="2025-06-17T05:44:39.235Z" hostname="DS-MALONASD" time="1.176">
  <properties/>
  <testcase name="testWelcomeMessageWithMissingUser()" classname="org.example.mocking.UserServiceTest" time="1.164"/>
  <testcase name="testWelcomeMessageWithValidUser()" classname="org.example.mocking.UserServiceTest" time="0.009"/>
  <system-out><![CDATA[]]></system-out>
  <system-err><![CDATA[]]></system-err>
</testsuite>
